C51 COMPILER V9.60.0.0   ASCII                                                             04/03/2020 22:45:53 PAGE 1   


C51 COMPILER V9.60.0.0, COMPILATION OF MODULE ASCII
OBJECT MODULE PLACED IN .\Objects\ascii.obj
COMPILER INVOKED BY: C:\Keil_v5\C51\BIN\C51.EXE ascii.c OPTIMIZE(8,SPEED) BROWSE DEBUG OBJECTEXTEND PRINT(.\Listings\asc
                    -ii.lst) TABS(2) OBJECT(.\Objects\ascii.obj)

line level    source

   1          //#include<reg51.h>
   2          
   3          //void main(void)
   4          //{
   5          //  unsigned char x,y,z;
   6          //  unsigned char mybyte =0x29;
   7          //  x=mybyte&0x0F;
   8          //  P1=x|0x30;
   9          //  y=mybyte & 0xF0;
  10          //  y=y>>4;
  11          //  P2=y|0x30;
  12          //}
  13          
  14          
  15          #include<reg51.h>
  16          #define dispaly P1
  17          sbit En =P3^2;
  18          sbit Rs =P3^0;
  19          sbit Rw =P3^1;
  20          char d=10;
  21          void delay(unsigned  int);
  22          void display(unsigned char a);
  23          void command()
  24          {
  25   1      
  26   1           Rs=0;     // Since we give command we have to make RS=0
  27   1           Rw = 0;  // since we write the data on lcd we have to make R/W pin 0
  28   1           En = 1; // to take new character
  29   1           En = 0;
  30   1      delay(d);
  31   1      }
  32          
  33          void main(void)
  34          {
  35   1        
  36   1      
  37   1      
  38   1      /*unsigned char z;
  39   1      for(z=0;z<=255;z++)
  40   1      {
  41   1        if(z%5==0)
  42   1          continue;
  43   1      else
  44   1        P1=z;
  45   1      }
  46   1      
  47   1      */
  48   1        /*unsigned char mynum[]="0123456789ABCD";
  49   1        unsigned char z;
  50   1        
  51   1        for(z=0;z<=10;z++)
  52   1        {
  53   1          P1=mynum[z];
  54   1        }
C51 COMPILER V9.60.0.0   ASCII                                                             04/03/2020 22:45:53 PAGE 2   

  55   1        */
  56   1        
  57   1      //  unsigned char message []="EARTH IS THE BUT ONE COUNTRY;
  58   1          unsigned char x,y,s;
  59   1        unsigned char z;
  60   1        
  61   1        s=10+20;
  62   1        
  63   1        command();
  64   1        
  65   1          dispaly = 0x38;
  66   1          command();
  67   1      
  68   1      //     dispaly = 0x01;
  69   1      //    command();
  70   1          
  71   1           dispaly = 0x0C;
  72   1           command();
  73   1           
  74   1            
  75   1           dispaly = 0x06;
  76   1           command();
  77   1           
  78   1       
  79   1           dispaly = 0x80;
  80   1           command();
  81   1           
  82   1           x=s&0xF0;
  83   1           x=x>>4;
  84   1          x=x|0x30;
  85   1          display(x);
  86   1          
  87   1          y=s&0x0F;
  88   1          x=y|0x30;
  89   1          display(x);    
  90   1      }
*** WARNING C280 IN LINE 59 OF ascii.c: 'z': unreferenced local variable
  91          
  92            void delay(unsigned int time)
  93            {
  94   1          unsigned int i,j;
  95   1          for(i=0;i<time;i++)
  96   1          {
  97   2             for(j=0;j<1275;j++)
  98   2            {
  99   3              
 100   3            }
 101   2          }
 102   1        }
 103            
 104            void display(unsigned char a)
 105            {
 106   1          
 107   1           
 108   1            dispaly = a;
 109   1             
 110   1               Rs=1;      // As we send data make RS=1
 111   1               Rw=0;     //  since we write the data on lcd we have to make R/W pin 0
 112   1               En = 1;
 113   1               En = 0;
 114   1             delay(1);
 115   1        
C51 COMPILER V9.60.0.0   ASCII                                                             04/03/2020 22:45:53 PAGE 3   

 116   1      }


MODULE INFORMATION:   STATIC OVERLAYABLE
   CODE SIZE        =    121    ----
   CONSTANT SIZE    =   ----    ----
   XDATA SIZE       =   ----    ----
   PDATA SIZE       =   ----    ----
   DATA SIZE        =      1       2
   IDATA SIZE       =   ----    ----
   BIT SIZE         =   ----    ----
END OF MODULE INFORMATION.


C51 COMPILATION COMPLETE.  1 WARNING(S),  0 ERROR(S)
