A51 MACRO ASSEMBLER  CHECK                                                                03/20/2020 19:21:23 PAGE     1


MACRO ASSEMBLER A51 V8.2.7.0
OBJECT MODULE PLACED IN .\Objects\check.obj
ASSEMBLER INVOKED BY: C:\Keil_v5\C51\BIN\A51.EXE check.a51 SET(SMALL) DEBUG PRINT(.\Listings\check.lst) OBJECT(.\Objects
                      \check.obj) EP

LOC  OBJ            LINE     SOURCE

0000                   1     ORG 00H
0000 7455              2                MOV A,#55H
0002 7A0A              3                MOV R2,#10
0004 7890              4                MOV R0,#90H
0006                   5     BACK:
0006 F6                6                  MOV @R0,A
0007 08                7                  INC R0
0008 DAFC              8                  DJNZ R2,BACK
000A 80FE              9                  SJMP $
                      10                      END
                                                     
                                                     
                                                     
                                                     
A51 MACRO ASSEMBLER  CHECK                                                                03/20/2020 19:21:23 PAGE     2

SYMBOL TABLE LISTING
------ ----- -------


N A M E             T Y P E  V A L U E   ATTRIBUTES

BACK . . . . . . .  C ADDR   0006H   A   


REGISTER BANK(S) USED: 0 


ASSEMBLY COMPLETE.  0 WARNING(S), 0 ERROR(S)
