C51 COMPILER V9.60.0.0   DELAYS                                                            04/07/2020 00:21:23 PAGE 1   


C51 COMPILER V9.60.0.0, COMPILATION OF MODULE DELAYS
OBJECT MODULE PLACED IN .\Objects\delays.obj
COMPILER INVOKED BY: C:\Keil_v5\C51\BIN\C51.EXE delays.c OPTIMIZE(8,SPEED) BROWSE DEBUG OBJECTEXTEND PRINT(.\Listings\de
                    -lays.lst) TABS(2) OBJECT(.\Objects\delays.obj)

line level    source

   1          /* USING TIMER 0,MODE 1 CREATE A DELAY OF 1 SECOND*/
   2          
   3          /*#include<reg51.h>
   4          void delay(void);
   5          
   6          sbit mybit=P1^0;
   7          void main(void)
   8          { 
   9            
  10            mybit=0x00;
  11            while(1)
  12            {
  13               mybit=~mybit;
  14               delay();
  15              
  16            }   
  17          }
  18          void delay()
  19          {
  20            unsigned  char x,y;
  21            for(x=0;x<210;x++)
  22            {
  23             for(y=0;y<250;y++)
  24              {
  25              TMOD= 0x01;
  26                TH0=0xFF;
  27                TL0=0xE9;
  28              TR0=1;
  29              while(TF0==1)
  30              {
  31                TF0=0;
  32                TR0=0;
  33              } 
  34            }
  35          }
  36            
  37          */
  38          
  39          
  40          /* USING TIMER 0 , MODE 2 CREATE A DELAY OF 1 SECOND*/
  41          
  42          
  43          #include<reg51.h>
  44          void delay();
  45          
  46          void main()
  47          {
  48   1        P1=0x00; 
  49   1        
  50   1        while(1)
  51   1        {
  52   2           P1=~P1;
  53   2          delay();
  54   2          
C51 COMPILER V9.60.0.0   DELAYS                                                            04/07/2020 00:21:23 PAGE 2   

  55   2        }
  56   1      
  57   1      }
  58          
  59          void delay()
  60          {
  61   1         
  62   1        unsigned char x,y;
  63   1        
  64   1        for(x=0;x<232;x++)
  65   1        {
  66   2          for(y=0;y<250;y++)
  67   2          {
  68   3          TMOD=0x01;
  69   3          TH0=-250;
  70   3          TR0=1;
  71   3          while(TF0==1)
  72   3          {
  73   4            TF0=0;
  74   4            TR0=0;
  75   4          
  76   4          }
  77   3        }
  78   2        }
  79   1        
  80   1      
  81   1      }


MODULE INFORMATION:   STATIC OVERLAYABLE
   CODE SIZE        =     59    ----
   CONSTANT SIZE    =   ----    ----
   XDATA SIZE       =   ----    ----
   PDATA SIZE       =   ----    ----
   DATA SIZE        =   ----    ----
   IDATA SIZE       =   ----    ----
   BIT SIZE         =   ----    ----
END OF MODULE INFORMATION.


C51 COMPILATION COMPLETE.  0 WARNING(S),  0 ERROR(S)
