C51 COMPILER V9.60.0.0   EX1                                                               03/31/2020 13:11:53 PAGE 1   


C51 COMPILER V9.60.0.0, COMPILATION OF MODULE EX1
OBJECT MODULE PLACED IN .\Objects\ex1.obj
COMPILER INVOKED BY: C:\Keil_v5\C51\BIN\C51.EXE ex1.c OPTIMIZE(8,SPEED) BROWSE DEBUG OBJECTEXTEND PRINT(.\Listings\ex1.l
                    -st) TABS(2) OBJECT(.\Objects\ex1.obj)

line level    source

   1          #include<reg51.h>
   2          
   3          void main()
   4          {
   5   1      ////   unsigned char mynum[]="ABCDEF";
   6   1      ////     
   7   1      ////   unsigned char z;
   8   1      ////  
   9   1      ////  for(z=0;z<=6;z++)
  10   1      ////  {
  11   1      ////    P1=mynum[z];
  12   1      ////  
  13   1      ////  }
  14   1      //  
  15   1      //  
  16   1      //  unsigned char mydata[100];
  17   1      //  unsigned char x,z=0;
  18   1      //  
  19   1      //  for(x=0;x<100;x++)
  20   1      //  {
  21   1      //    z--;
  22   1      //    mydata[x]=z;
  23   1      //    P1=z;
  24   1      //  }
  25   1        
  26   1      //  P1=0x140;
  27   1      //  P2=0x0F;
  28   1      
  29   1      P1=0xF0 | 0X45;
  30   1      P2=0xF0^0xAA;
  31   1      ACC=0xF0^0xEE;
  32   1        
  33   1      }


MODULE INFORMATION:   STATIC OVERLAYABLE
   CODE SIZE        =      9    ----
   CONSTANT SIZE    =   ----    ----
   XDATA SIZE       =   ----    ----
   PDATA SIZE       =   ----    ----
   DATA SIZE        =   ----    ----
   IDATA SIZE       =   ----    ----
   BIT SIZE         =   ----    ----
END OF MODULE INFORMATION.


C51 COMPILATION COMPLETE.  0 WARNING(S),  0 ERROR(S)
