C51 COMPILER V9.60.0.0   FIRST_IN_C                                                        03/31/2020 13:22:39 PAGE 1   


C51 COMPILER V9.60.0.0, COMPILATION OF MODULE FIRST_IN_C
OBJECT MODULE PLACED IN .\Objects\first in c.obj
COMPILER INVOKED BY: C:\Keil_v5\C51\BIN\C51.EXE first in c.c OPTIMIZE(8,SPEED) BROWSE DEBUG OBJECTEXTEND PRINT(.\Listing
                    -s\first in c.lst) TABS(2) OBJECT(.\Objects\first in c.obj)

line level    source

   1          #include<reg51.h>
   2          #define dispaly P1
   3          sbit En =P3^2;
   4          sbit Rs =P3^0;
   5          sbit Rw =P3^1;
   6          char d=10;
   7          void delay(unsigned  int);
   8          void command()
   9          {
  10   1      
  11   1           Rs=0;     // Since we give command we have to make RS=0
  12   1           Rw = 0;  // since we write the data on lcd we have to make R/W pin 0
  13   1           En = 1; // to take new character
  14   1           En = 0;
  15   1      delay(d);
  16   1      }
  17          
  18          void main(void)
  19          {
  20   1        
  21   1      
  22   1      
  23   1      /*unsigned char z;
  24   1      for(z=0;z<=255;z++)
  25   1      {
  26   1        if(z%5==0)
  27   1          continue;
  28   1      else
  29   1        P1=z;
  30   1      }
  31   1      
  32   1      */
  33   1        /*unsigned char mynum[]="0123456789ABCD";
  34   1        unsigned char z;
  35   1        
  36   1        for(z=0;z<=10;z++)
  37   1        {
  38   1          P1=mynum[z];
  39   1        }
  40   1        */
  41   1        
  42   1        unsigned char message []="EARTH IS THE BUT ONE COUNTRY";
  43   1        unsigned char z;
  44   1        
  45   1        command();
  46   1        
  47   1          dispaly = 0x38;
  48   1          command();
  49   1      
  50   1           dispaly = 0x01;
  51   1          command();
  52   1          
  53   1           dispaly = 0x0C;
  54   1           command();
C51 COMPILER V9.60.0.0   FIRST_IN_C                                                        03/31/2020 13:22:39 PAGE 2   

  55   1           
  56   1            
  57   1           dispaly = 0x06;
  58   1           command();
  59   1           
  60   1       
  61   1           dispaly = 0x80;
  62   1           command();
  63   1           
  64   1           ACC=0xF0^0xAA;
  65   1       
  66   1      
  67   1           for (z = 0; z <= 28; z++)
  68   1           {
  69   2             if(z==16)
  70   2             {
  71   3               dispaly = 0xC0;
  72   3           Rs=0;
  73   3           Rw = 0;
  74   3           En = 1;
  75   3           En = 0;
  76   3               delay(d);
  77   3               
  78   3             }
  79   2             else{
  80   3               dispaly = message[z];
  81   3             
  82   3               Rs=1;      // As we send data make RS=1
  83   3               Rw=0;     //  since we write the data on lcd we have to make R/W pin 0
  84   3               En = 1;
  85   3               En = 0;
  86   3             delay(d);
  87   3             }
  88   2        
  89   2        } 
  90   1      }
  91          
  92            void delay(unsigned int time)
  93            {
  94   1          unsigned int i,j;
  95   1          for(i=0;i<time;i++)
  96   1          {
  97   2             for(j=0;j<1275;j++)
  98   2            {
  99   3            }
 100   2          }
 101   1        }


MODULE INFORMATION:   STATIC OVERLAYABLE
   CODE SIZE        =    162    ----
   CONSTANT SIZE    =     29    ----
   XDATA SIZE       =   ----    ----
   PDATA SIZE       =   ----    ----
   DATA SIZE        =      1      30
   IDATA SIZE       =   ----    ----
   BIT SIZE         =   ----    ----
END OF MODULE INFORMATION.


C51 COMPILATION COMPLETE.  0 WARNING(S),  0 ERROR(S)
