C51 COMPILER V9.60.0.0   LED                                                               09/02/2020 22:30:58 PAGE 1   


C51 COMPILER V9.60.0.0, COMPILATION OF MODULE LED
OBJECT MODULE PLACED IN .\Objects\led.obj
COMPILER INVOKED BY: C:\Keil_v5\C51\BIN\C51.EXE led.c OPTIMIZE(8,SPEED) BROWSE DEBUG OBJECTEXTEND PRINT(.\Listings\led.l
                    -st) TABS(2) OBJECT(.\Objects\led.obj)

line level    source

   1          #include<reg51.h>
   2          void MSDelay(unsigned int);
   3          
   4          void main(void)
   5          {
   6   1        while(1)
   7   1        {
   8   2          P0=0x55;
   9   2          MSDelay(10);
  10   2          P0=0xAA;
  11   2          MSDelay(100);
  12   2        }
  13   1      
  14   1      
  15   1      }
  16          
  17          void MSDelay(unsigned int itime)
  18          {
  19   1       unsigned int i,j;
  20   1        for(i=0;i<itime;i++)
  21   1        {
  22   2          for(j=0;j<2000;j++)
  23   2          {
  24   3          }
  25   2        }
  26   1        
  27   1        
  28   1      }
  29            


MODULE INFORMATION:   STATIC OVERLAYABLE
   CODE SIZE        =     54    ----
   CONSTANT SIZE    =   ----    ----
   XDATA SIZE       =   ----    ----
   PDATA SIZE       =   ----    ----
   DATA SIZE        =   ----    ----
   IDATA SIZE       =   ----    ----
   BIT SIZE         =   ----    ----
END OF MODULE INFORMATION.


C51 COMPILATION COMPLETE.  0 WARNING(S),  0 ERROR(S)
