A51 MACRO ASSEMBLER  MYLCD                                                                05/07/2020 00:59:40 PAGE     1


MACRO ASSEMBLER A51 V8.2.7.0
OBJECT MODULE PLACED IN .\Objects\MYLCD.obj
ASSEMBLER INVOKED BY: C:\Keil_v5\C51\BIN\A51.EXE MYLCD.a51 SET(SMALL) DEBUG PRINT(.\Listings\MYLCD.lst) OBJECT(.\Objects
                      \MYLCD.obj) EP

LOC  OBJ            LINE     SOURCE

0000                   1     ORG 00H
                       2     
0000                   3     MAIN:
                       4     
0000 7438              5     MOV A,#38H
0002 1156              6     ACALL COMMAND
                       7     
0004 7401              8     MOV A,#01H
0006 1156              9     ACALL COMMAND
                      10     
0008 740C             11     MOV A,#0CH
000A 1156             12     ACALL COMMAND
                      13     
000C 7406             14     MOV A,#06H
000E 1156             15     ACALL COMMAND
                      16     
0010 7480             17     MOV A,#80H
0012 1156             18     ACALL COMMAND
                      19     
                      20     
                      21     
                      22     
                      23     
                      24                                                                     ;MOV DPTR,#400H
                      25                                                                     ;CLR A
                      26                                                                     ;MOVC A,@A+DPTR
                      27                                                                     ;ACALL DISPLAY
                      28                                                                     ;INC DPTR
                      29                                                                     
                      30                                                                     
                      31                                                                     
                      32     ;MOV TMOD,#00000110B
                      33     ;MOV TH0,#-60
                      34     ;SETB P3.4 
                      35     ;AGAIN3:SETB TR0
                      36     ;BACK: MOV A,TL0
                      37     ;ACALL CONV
                      38     ;ACALL DISPLAY
                      39     ;JNB TF0,BACK
                      40     ;CLR TR0 
                      41     ;CLR TF0 
                      42     ;SJMP AGAIN3
                      43     
                      44     
                      45     ;CONV:
                      46     ;MOV B,#10
                      47     ;DIV AB
                      48     ;MOV R2,B
                      49     ;MOV B,#10
                      50     ;DIV AB
                      51     ;ORL A,#30H
                      52     ;MOV R4,A
                      53     ;MOV A,B
                      54     ;ORL A,#30H
                      55     ;MOV R3,A
                      56     ;MOV A,R2
                      57     ;ORL A,#30H
A51 MACRO ASSEMBLER  MYLCD                                                                05/07/2020 00:59:40 PAGE     2

                      58     ;MOV R2,A
                      59     ;RET
                      60     
                      61     
                      62                                                                     
                      63              
                      64     
                      65     
                      66             
                      67     
0014 7453             68     MOV A,#'S'
0016 1163             69     ACALL DISPLAY
                      70     
0018 7448             71     MOV A,#'H'
001A 1163             72     ACALL DISPLAY
                      73     
001C 7452             74     MOV A,#'R'
001E 1163             75     ACALL DISPLAY
                      76     
0020 7449             77     MOV A,#'I'
0022 1163             78     ACALL DISPLAY
                      79     
0024 744B             80     MOV A,#'K'
0026 1163             81     ACALL DISPLAY
                      82     
0028 7441             83     MOV A,#'A'
002A 1163             84     ACALL DISPLAY
                      85     
002C 744E             86     MOV A,#'N'
002E 1163             87     ACALL DISPLAY
                      88     
0030 7454             89     MOV A,#'T'
0032 1163             90     ACALL DISPLAY
                      91     
                      92     
0034 74C8             93     MOV A,#0C8H
0036 1156             94     ACALL COMMAND
                      95     
0038 7453             96     MOV A,#'S'
003A 1163             97     ACALL DISPLAY
                      98     
003C 744F             99     MOV A,#'O'
003E 1163            100     ACALL DISPLAY
                     101     
0040 744C            102     MOV A,#'L'
0042 1163            103     ACALL DISPLAY
                     104     
0044 7441            105     MOV A,#'A'
0046 1163            106     ACALL DISPLAY
                     107     
0048 744E            108     MOV A,#'N'
004A 1163            109     ACALL DISPLAY
                     110     
004C 744B            111     MOV A,#'K'
004E 1163            112     ACALL DISPLAY
                     113     
0050 7445            114     MOV A,#'E'
0052 1163            115     ACALL DISPLAY
                     116      
                     117     
                     118      
                     119                                                                     ;MOV DPTR,#300H
                     120                                                                     ;D2:CLR A
                     121                                                                     ;MOVC A,@A+DPTR
                     122                                                                     ;ACALL DISPLAY
                     123                                                                     ;INC DPTR
A51 MACRO ASSEMBLER  MYLCD                                                                05/07/2020 00:59:40 PAGE     3

                     124                                                                     ;SJMP D2
                     125     
0054 80AA            126     SJMP MAIN
                     127     
                     128     
0056                 129     COMMAND:
                     130     
0056 F590            131     MOV P1,A
0058 C2B0            132     CLR P3.0
005A C2B1            133     CLR P3.1
005C D2B2            134     SETB P3.2
005E C2B2            135     CLR P3.2
0060 1170            136     ACALL DELAY
0062 22              137     RET
                     138     
0063                 139     DISPLAY:
                     140     
0063 F590            141     MOV P1,A
0065 D2B0            142     SETB P3.0
0067 C2B1            143     CLR P3.1
0069 D2B2            144     SETB P3.2
006B C2B2            145     CLR P3.2
006D 1170            146     ACALL DELAY
006F 22              147     RET
                     148     
                     149     
0070                 150     DELAY:
                     151     
0070 78FF            152        MOV R0,#255
0072 79FF            153     AGAIN1:MOV R1,#255
0074 D9FE            154     AGAIN: DJNZ R1,AGAIN
0076 D8FA            155            DJNZ R0,AGAIN1
                     156               
0078 22              157     RET
                     158     
                     159                                                             ;ORG 400H
                     160                                                             ;       DB  "SHRIKANT"
                     161                                                             ;       
                     162                                                             ;       
                     163                                                             ;       
                     164                                                             ;       ORG 300H
                     165                                                             ;               DB "SOLANKE"
                     166                                                             ; RET
                     167     END
                             
A51 MACRO ASSEMBLER  MYLCD                                                                05/07/2020 00:59:40 PAGE     4

SYMBOL TABLE LISTING
------ ----- -------


N A M E             T Y P E  V A L U E   ATTRIBUTES

AGAIN. . . . . . .  C ADDR   0074H   A   
AGAIN1 . . . . . .  C ADDR   0072H   A   
COMMAND. . . . . .  C ADDR   0056H   A   
DELAY. . . . . . .  C ADDR   0070H   A   
DISPLAY. . . . . .  C ADDR   0063H   A   
MAIN . . . . . . .  C ADDR   0000H   A   
P1 . . . . . . . .  D ADDR   0090H   A   
P3 . . . . . . . .  D ADDR   00B0H   A   


REGISTER BANK(S) USED: 0 


ASSEMBLY COMPLETE.  0 WARNING(S), 0 ERROR(S)
