A51 MACRO ASSEMBLER  OVERFLOW                                                             03/24/2020 14:37:37 PAGE     1


MACRO ASSEMBLER A51 V8.2.7.0
OBJECT MODULE PLACED IN .\Objects\OVERFLOW.obj
ASSEMBLER INVOKED BY: C:\Keil_v5\C51\BIN\A51.EXE OVERFLOW.a51 SET(SMALL) DEBUG PRINT(.\Listings\OVERFLOW.lst) OBJECT(.\O
                      bjects\OVERFLOW.obj) EP

LOC  OBJ            LINE     SOURCE

                       1     
                       2     
                       3     
0000                   4     ORG 00H
0000 7480              5             MOV A,#-128
0002 7CFE              6             MOV R4,#-2
0004 2C                7             ADD A,R4
                       8             END
A51 MACRO ASSEMBLER  OVERFLOW                                                             03/24/2020 14:37:37 PAGE     2

SYMBOL TABLE LISTING
------ ----- -------


N A M E             T Y P E  V A L U E   ATTRIBUTES



REGISTER BANK(S) USED: 0 


ASSEMBLY COMPLETE.  0 WARNING(S), 0 ERROR(S)
