C51 COMPILER V9.60.0.0   PWM_MOTOR                                                         07/02/2020 20:29:59 PAGE 1   


C51 COMPILER V9.60.0.0, COMPILATION OF MODULE PWM_MOTOR
OBJECT MODULE PLACED IN .\Objects\pwm_motor.obj
COMPILER INVOKED BY: C:\Keil_v5\C51\BIN\C51.EXE pwm_motor.c OPTIMIZE(8,SPEED) BROWSE DEBUG OBJECTEXTEND PRINT(.\Listings
                    -\pwm_motor.lst) TABS(2) OBJECT(.\Objects\pwm_motor.obj)

line level    source

   1          #include<reg51.h>
   2          
   3          
   4          void delay(int a);
   5          sbit  enable = P1^0;
   6          sbit pin1  = P1^1;
   7          sbit pin2 = P1^2;
   8          void main()
   9          {
  10   1        int d=80, e=5;
  11   1        
  12   1        while(1)
  13   1        {
  14   2           
  15   2          d = d + e;
  16   2          if (d<=0 || d >=512)
  17   2          {
  18   3          e = -e;
  19   3          }
  20   2          
  21   2          enable = 1;
  22   2          pin1 = 1;
  23   2          pin2 = 0;
  24   2          delay(d);
  25   2          enable = 0;
  26   2           pin1 = 1;
  27   2          pin2 = 0;
  28   2          delay(100-d);
  29   2          
  30   2        }
  31   1      
  32   1        
  33   1      }
  34          
  35          void delay(int a)
  36          {
  37   1        int x,y;
  38   1        
  39   1        for(x=0;x<a;x++)
  40   1        {
  41   2          
  42   2        }
  43   1      }
*** WARNING C280 IN LINE 37 OF pwm_motor.c: 'y': unreferenced local variable


MODULE INFORMATION:   STATIC OVERLAYABLE
   CODE SIZE        =    114    ----
   CONSTANT SIZE    =   ----    ----
   XDATA SIZE       =   ----    ----
   PDATA SIZE       =   ----    ----
   DATA SIZE        =   ----       6
   IDATA SIZE       =   ----    ----
   BIT SIZE         =   ----    ----
C51 COMPILER V9.60.0.0   PWM_MOTOR                                                         07/02/2020 20:29:59 PAGE 2   

END OF MODULE INFORMATION.


C51 COMPILATION COMPLETE.  1 WARNING(S),  0 ERROR(S)
