C51 COMPILER V9.60.0.0   TIMER                                                             04/03/2020 21:43:58 PAGE 1   


C51 COMPILER V9.60.0.0, COMPILATION OF MODULE TIMER
OBJECT MODULE PLACED IN .\Objects\timer.obj
COMPILER INVOKED BY: C:\Keil_v5\C51\BIN\C51.EXE timer.c OPTIMIZE(8,SPEED) BROWSE DEBUG OBJECTEXTEND PRINT(.\Listings\tim
                    -er.lst) TABS(2) OBJECT(.\Objects\timer.obj)

line level    source

   1          #include<reg51.h>
   2          
   3          void Tdeley(void);
   4          
   5          void main(void)
   6          {
   7   1        
   8   1        while(1)
   9   1        {
  10   2          P1=0x55;
  11   2          t0deley();
*** WARNING C206 IN LINE 11 OF timer.c: 't0deley': missing function-prototype
  12   2          P1=0xAA;
  13   2          Tdeley();
  14   2        }
  15   1        }
  16          
  17            void Tdelay()
  18            {
  19   1          TMOD = 0x01;
  20   1          TL0 = 0x00;
  21   1          TH0 = 0x35;
  22   1          TR0 = 1;
  23   1          while(TCON.5==0)
*** ERROR C141 IN LINE 23 OF timer.c: syntax error near '.5', expected ','
*** ERROR C141 IN LINE 23 OF timer.c: syntax error near ')', expected ';'
  24   1          {
  25   2          TCON.5 = 0;
  26   2          TCON.4 = 0;
*** ERROR C141 IN LINE 26 OF timer.c: syntax error near '.4', expected ';'
  27   2          }
  28   1        
  29   1        }

C51 COMPILATION COMPLETE.  1 WARNING(S),  3 ERROR(S)
