C51 COMPILER V9.60.0.0   TOGGLT                                                            04/05/2020 10:09:07 PAGE 1   


C51 COMPILER V9.60.0.0, COMPILATION OF MODULE TOGGLT
OBJECT MODULE PLACED IN .\Objects\togglt.obj
COMPILER INVOKED BY: C:\Keil_v5\C51\BIN\C51.EXE togglt.c OPTIMIZE(8,SPEED) BROWSE DEBUG OBJECTEXTEND PRINT(.\Listings\to
                    -gglt.lst) TABS(2) OBJECT(.\Objects\togglt.obj)

line level    source

   1          /*#include<reg51.h>
   2          
   3          void tmdelay(void);
   4          
   5          void main()
   6          {
   7            unsigned char x;
   8            P1=0x55;
   9            while(1)
  10            {
  11              P1=~P1;
  12              for(x=0;x<20;x++)
  13              {
  14                tmdelay();
  15              }
  16            }
  17          }
  18          
  19          void tmdelay(void)
  20          {
  21            TMOD =0x10;
  22            TL1=0xFE;
  23            TH1=0xA5;
  24            TR1=1;
  25            while(TF1==0)
  26            {
  27              TR1=0;
  28              TF1=0;
  29            }
  30          }*/
  31          
  32          /* GENERATE THE DELAY OF THE 250MS AND TOGGLE THE BIT P1.5*/
  33          
  34          #include<reg51.h>
  35          //sbit  port= P1^5;
  36          void delay(void);
  37          
  38          void main(void)
  39          {
  40   1        
  41   1        unsigned char z,x;
  42   1      //  port=0;
  43   1        P1=0x55;
  44   1        
  45   1        while(1)
  46   1        {
  47   2      //    port=~port;
  48   2          P1=~P1;
  49   2          for(z=0;z<10;z++)
  50   2          {
  51   3            for(x=0;x=36;x++)
*** WARNING C276 IN LINE 51 OF togglt.c: constant in condition expression
  52   3            {
  53   4            delay();
C51 COMPILER V9.60.0.0   TOGGLT                                                            04/05/2020 10:09:07 PAGE 2   

  54   4            }
  55   3          }
  56   2          
  57   2        }
  58   1        
  59   1      }
  60            void delay()
  61            {
  62   1          TMOD =0x02;
  63   1          TH0=233;
  64   1          TR0=1;
  65   1          while(TF0==0)
  66   1          {
  67   2            TR0=0;
  68   2            TF0=0;  
  69   2          }
  70   1                     
  71   1        }
  72            
  73            
  74          
  75            
  76          /*CLOCK USING 60HZ EXTERNAL CLOCK*/
  77          
  78          //#include<reg51.h>
  79          
  80          //void time(unsigned char value);
  81          //unsigned char sec,min;
  82          //void main()
  83          //{
  84          //  unsigned char val;
  85          //  T0=1;
  86          //  TMOD = 0x06;
  87          //  TH0=60;
  88          //  while(1)
  89          //  {
  90          //    do
  91          //    {
  92          //      TR0=1;
  93          //      sec=TL0;
  94          //      time(val);
  95          //    }
  96          //    
  97          //    while(TF0=0);
  98          //    {
  99          //       TR0=0;
 100          //       TF0=0;
 101          //    }
 102          //  }
 103          
 104          //}
 105          
 106          
 107          //void time(unsigned char value)
 108          //{
 109          //  
 110          //  
 111          //  min=value/60;
 112          //  sec=value%60;
 113          //  
 114          //  P1=sec;
 115          //  P2=min;
C51 COMPILER V9.60.0.0   TOGGLT                                                            04/05/2020 10:09:07 PAGE 3   

 116          //}
*** WARNING C294 IN LINE 55 OF togglt.c: unreachable code


MODULE INFORMATION:   STATIC OVERLAYABLE
   CODE SIZE        =     48    ----
   CONSTANT SIZE    =   ----    ----
   XDATA SIZE       =   ----    ----
   PDATA SIZE       =   ----    ----
   DATA SIZE        =   ----       1
   IDATA SIZE       =   ----    ----
   BIT SIZE         =   ----    ----
END OF MODULE INFORMATION.


C51 COMPILATION COMPLETE.  2 WARNING(S),  0 ERROR(S)
