C51 COMPILER V9.60.0.0   TWO                                                               04/11/2020 07:47:12 PAGE 1   


C51 COMPILER V9.60.0.0, COMPILATION OF MODULE TWO
OBJECT MODULE PLACED IN .\Objects\two.obj
COMPILER INVOKED BY: C:\Keil_v5\C51\BIN\C51.EXE two.c OPTIMIZE(8,SPEED) BROWSE DEBUG OBJECTEXTEND PRINT(.\Listings\two.l
                    -st) TABS(2) OBJECT(.\Objects\two.obj)

line level    source

   1          #include<reg51.h>
   2          
   3          void delay(void);
   4          void main()
   5          {
   6   1        
   7   1        TMOD = 0x20;
   8   1        TH1=-3;
   9   1        SCON=0x50;
  10   1        TR1=1;
  11   1        
  12   1        SBUF="40";
*** WARNING C260 IN LINE 12 OF two.c: '=': pointer truncation
  13   1          
  14   1          while(TI==0)
  15   1          {
  16   2           
  17   2            TI=0; 
  18   2            
  19   2          }
  20   1        
  21   1        
  22   1        
  23   1      }
  24          
  25          
  26          
  27          void delay()
  28          {
  29   1          unsigned char x,y;
  30   1        
  31   1        for(x=0;x<250;x++)
  32   1        
  33   1        {
  34   2          for(y=0;y<100;y++)
  35   2          {
  36   3          TMOD = 0x10;
  37   3          TH1=0XFF;
  38   3          TL1=0XE9;
  39   3          TR1=1;  
  40   3            
  41   3            while(TF1==1)
  42   3          {
  43   4            TF1=0;
  44   4            TR1=0;
  45   4            
  46   4          }
  47   3          
  48   3          }
  49   2          
  50   2        }
  51   1      }
  52          

C51 COMPILER V9.60.0.0   TWO                                                               04/11/2020 07:47:12 PAGE 2   


MODULE INFORMATION:   STATIC OVERLAYABLE
   CODE SIZE        =     73    ----
   CONSTANT SIZE    =      3    ----
   XDATA SIZE       =   ----    ----
   PDATA SIZE       =   ----    ----
   DATA SIZE        =   ----    ----
   IDATA SIZE       =   ----    ----
   BIT SIZE         =   ----    ----
END OF MODULE INFORMATION.


C51 COMPILATION COMPLETE.  1 WARNING(S),  0 ERROR(S)
