A51 MACRO ASSEMBLER  WITH_LCD                                                             06/21/2020 14:57:12 PAGE     1


MACRO ASSEMBLER A51 V8.2.7.0
OBJECT MODULE PLACED IN .\Objects\WITH_LCD.obj
ASSEMBLER INVOKED BY: C:\Keil_v5\C51\BIN\A51.EXE WITH_LCD.a51 SET(SMALL) DEBUG PRINT(.\Listings\WITH_LCD.lst) OBJECT(.\O
                      bjects\WITH_LCD.obj) EP

LOC  OBJ            LINE     SOURCE

0000                   1     ORG 0
                       2             
0000 7438              3             MOV A,#38H
0002 117F              4               ACALL CMND
                       5             
0004 740F              6               MOV A,#0FH 
0006 117F              7               ACALL CMND
                       8             
0008 7401              9               MOV A,#01H
000A 117F             10               ACALL CMND
                      11             
000C 740C             12               MOV A,#0CH
000E 117F             13               ACALL CMND
                      14             
0010 7406             15               MOV A,#06H
0012 117F             16               ACALL CMND
                      17             
0014 7480             18               MOV A,#80H
0016 117F             19               ACALL CMND
                      20               
                      21               
                      22               
0018 780A             23               MOV R0, #10
001A 7420             24               MOV A, #20H
001C F2               25               MOVX @R0, A
                      26           
                      27           
001D 780B             28           MOV R0, #11
001F 7483             29           MOV A, #83H
0021 F2               30           MOVX @R0, A
                      31     
0022 7807             32     MOV R0, #07
0024 7424             33     MOV A, #24H
0026 F2               34     MOVX @R0, A
0027 118C             35     ACALL DELAY
                      36     
0029 7808             37     MOV R0 ,#08
002B 7410             38     MOV A, #10H
002D F2               39     MOVX @R0, A
002E 118C             40     ACALL DELAY
0030 7809             41     MOV R0, #09
0032 7404             42     MOV A,#04
0034 F2               43     MOVX @R0, A
0035 118C             44     ACALL DELAY
0037 780B             45     MOV R0, #11
0039 7403             46     MOV A,#03
                      47     
                      48     
003B                  49     OV1: 
                      50     
003B 7420             51     MOV A, #20H
003D 1172             52     ACALL DISP
                      53     
003F 7804             54     MOV R0, #4
0041 E2               55     MOVX A,@R0
0042 1160             56     ACALL DISP1
0044 7420             57     MOV A, #20H
A51 MACRO ASSEMBLER  WITH_LCD                                                             06/21/2020 14:57:12 PAGE     2

0046 1172             58     ACALL DISP
0048 7802             59     MOV R0,#2
004A E2               60     MOVX A,@R0
004B 1160             61     ACALL DISP1
004D 7420             62     MOV A, #20H
004F 1172             63     ACALL DISP
0051 7800             64     MOV R0, #0
0053 E2               65     MOVX A, @R0
0054 1160             66     ACALL DISP1
0056 740A             67     MOV A, #0AH
0058 1172             68     ACALL DISP
005A 740D             69     MOV A,#0DH
005C 1172             70     ACALL DISP
005E 80DB             71     SJMP OV1
                      72     
0060                  73     DISP1:
0060 F5F0             74       MOV B,A
0062 C4               75       SWAP A
0063 540F             76       ANL A,#0FH
0065 4430             77       ORL A,#30H
0067 1172             78       ACALL DISP
                      79       
0069 E5F0             80       MOV A,B
006B 740F             81       MOV A,#0FH
006D 4430             82       ORL A,#30H
006F 1172             83       ACALL DISP
0071 22               84       RET
                      85     
                      86     
                      87     
                      88     
                      89     
                      90               
                      91               
                      92               
                      93               
                      94               
                      95               
                      96               
0072 F5A0             97     DISP: MOV P2,A
0074 D290             98               SETB P1.0
0076 C291             99               CLR P1.1
0078 D292            100               SETB P1.2
007A C292            101               CLR P1.2
007C 118C            102           ACALL DELAY 
007E 22              103               RET  
                     104               
                     105               
                     106               
                     107               
007F F5A0            108     CMND: MOV P2,A
0081 C290            109               CLR P1.0
0083 C291            110               CLR P1.1
0085 D292            111               SETB P1.2
0087 C292            112               CLR P1.2
0089 118C            113               ACALL DELAY
008B 22              114               RET
                     115               
008C 7BFF            116       DELAY: MOV R3,#0FFH
008E 7AFF            117     GO1:   MOV R2,#0FFH
0090 DAFE            118     GO:   DJNZ R2,GO
0092 DBFA            119               DJNZ R3,GO1
                     120             
0094 22              121             RET 
                     122               
                     123               
A51 MACRO ASSEMBLER  WITH_LCD                                                             06/21/2020 14:57:12 PAGE     3

                     124     END
A51 MACRO ASSEMBLER  WITH_LCD                                                             06/21/2020 14:57:12 PAGE     4

SYMBOL TABLE LISTING
------ ----- -------


N A M E             T Y P E  V A L U E   ATTRIBUTES

B. . . . . . . . .  D ADDR   00F0H   A   
CMND . . . . . . .  C ADDR   007FH   A   
DELAY. . . . . . .  C ADDR   008CH   A   
DISP . . . . . . .  C ADDR   0072H   A   
DISP1. . . . . . .  C ADDR   0060H   A   
GO . . . . . . . .  C ADDR   0090H   A   
GO1. . . . . . . .  C ADDR   008EH   A   
OV1. . . . . . . .  C ADDR   003BH   A   
P1 . . . . . . . .  D ADDR   0090H   A   
P2 . . . . . . . .  D ADDR   00A0H   A   


REGISTER BANK(S) USED: 0 


ASSEMBLY COMPLETE.  0 WARNING(S), 0 ERROR(S)
